<?xml version="1.0" encoding="UTF-8"?>
<!-- Generated by org.testng.reporters.JUnitReportReporter -->
<testsuite hostname="Rakit" failures="0" tests="2" name="testcases.SubscriptionVerify" time="2.747" errors="0" timestamp="2023-09-23T21:00:01 IST" skipped="0">
  <testcase classname="testcases.SubscriptionVerify" name="verifySubs" time="0.934"/>
  <system-out/>
  <testcase classname="testcases.SubscriptionVerify" name="verifySubsInCart" time="1.813"/>
  <system-out/>
</testsuite> <!-- testcases.SubscriptionVerify -->
