<?xml version="1.0" encoding="UTF-8"?>
<!-- Generated by org.testng.reporters.JUnitReportReporter -->
<testsuite hostname="Rakit" failures="0" tests="1" name="testcases.ContactForm" time="6.467" errors="0" timestamp="2023-09-23T21:00:01 IST" skipped="0">
  <testcase classname="testcases.ContactForm" name="ContactTest" time="6.467"/>
  <system-out/>
</testsuite> <!-- testcases.ContactForm -->
