<?xml version="1.0" encoding="UTF-8"?>
<!-- Generated by org.testng.reporters.JUnitReportReporter -->
<testsuite hostname="Rakit" failures="0" tests="2" name="testcases.RegisterUser" time="18.866" errors="0" timestamp="2023-09-23T21:00:01 IST" skipped="0">
  <testcase classname="testcases.RegisterUser" name="RegistNewUser" time="16.472"/>
  <system-out/>
  <testcase classname="testcases.RegisterUser" name="RegistUserwithExs" time="2.394"/>
  <system-out/>
</testsuite> <!-- testcases.RegisterUser -->
